[2025-10-17 02:53:04,808] multiqc.config                                     [INFO   ]  Loading config settings from: results/multiqc_config.yml
[2025-10-17 02:53:04,808] pmultiqc                                           [WARNING]  Running pmultiqc Plugin v0.0.26
[2025-10-17 02:53:05,652] multiqc.core.version_check                         [WARNING]  MultiQC Version v1.31 now available!
[2025-10-17 02:53:05,653] multiqc.core.file_search                           [INFO   ]  Search path: /home/fullseeomics/Downloads/work/59/5e40f3dd4903ba73e9bf9a6ebd9020/results
[2025-10-17 02:53:15,278] pmultiqc.modules.quantms.quantms                   [INFO   ]  pyopenms has: 60 threads.
[2025-10-17 02:53:15,390] pmultiqc.modules.quantms.quantms                   [INFO   ]  02:53:15: Parsing mzTab file results/PXD040438.sdrf_openms_design_openms.mzTab...
[2025-10-17 02:53:16,314] pmultiqc.modules.quantms.quantms                   [INFO   ]  02:53:16: Done parsing mzTab file results/PXD040438.sdrf_openms_design_openms.mzTab.
[2025-10-17 02:53:16,314] pmultiqc.modules.quantms.quantms                   [INFO   ]  02:53:16: Aggregating mzTab file results/PXD040438.sdrf_openms_design_openms.mzTab...
[2025-10-17 02:53:16,766] pmultiqc.modules.quantms.quantms                   [INFO   ]  02:53:16: No decoy peptides found -> only showing target peptides.
[2025-10-17 02:53:16,905] pmultiqc.modules.common.ms_io                      [INFO   ]  02:53:16: Parsing ms_statistics dataframe results/02COVID_ms_info.parquet...
[2025-10-17 02:53:24,257] pmultiqc.modules.common.ms_io                      [INFO   ]  02:53:24: Done aggregating ms_statistics dataframe results/02COVID_ms_info.parquet...
[2025-10-17 02:53:24,258] pmultiqc.modules.common.ms_io                      [INFO   ]  02:53:24: Parsing ms_statistics dataframe results/03COVID_ms_info.parquet...
[2025-10-17 02:53:31,285] pmultiqc.modules.common.ms_io                      [INFO   ]  02:53:31: Done aggregating ms_statistics dataframe results/03COVID_ms_info.parquet...
[2025-10-17 02:53:31,285] pmultiqc.modules.common.ms_io                      [INFO   ]  02:53:31: Parsing ms_statistics dataframe results/07COVID_ms_info.parquet...
[2025-10-17 02:53:38,589] pmultiqc.modules.common.ms_io                      [INFO   ]  02:53:38: Done aggregating ms_statistics dataframe results/07COVID_ms_info.parquet...
[2025-10-17 02:53:38,589] pmultiqc.modules.common.ms_io                      [INFO   ]  02:53:38: Parsing ms_statistics dataframe results/09COVID_ms_info.parquet...
[2025-10-17 02:53:45,284] pmultiqc.modules.common.ms_io                      [INFO   ]  02:53:45: Done aggregating ms_statistics dataframe results/09COVID_ms_info.parquet...
[2025-10-17 02:53:45,284] pmultiqc.modules.common.ms_io                      [INFO   ]  02:53:45: Parsing ms_statistics dataframe results/11COVID_ms_info.parquet...
[2025-10-17 02:53:52,298] pmultiqc.modules.common.ms_io                      [INFO   ]  02:53:52: Done aggregating ms_statistics dataframe results/11COVID_ms_info.parquet...
[2025-10-17 02:53:52,298] pmultiqc.modules.common.ms_io                      [INFO   ]  02:53:52: Parsing ms_statistics dataframe results/15COVID_ms_info.parquet...
[2025-10-17 02:53:59,434] pmultiqc.modules.common.ms_io                      [INFO   ]  02:53:59: Done aggregating ms_statistics dataframe results/15COVID_ms_info.parquet...
[2025-10-17 02:53:59,502] pmultiqc.modules.quantms.quantms                   [INFO   ]  02:53:59: Calculating Heatmap Scores...
[2025-10-17 02:54:00,682] pmultiqc.modules.quantms.quantms                   [INFO   ]  02:54:00: Done calculating Heatmap Scores.
[2025-10-17 02:54:00,782] multiqc.plots.bargraph                             [WARNING]  Tried to make bar plot, but had no data: Oversampling_Distribution
[2025-10-17 02:54:00,792] pmultiqc.modules.quantms.quantms                   [INFO   ]  02:54:00: Parsing MSstats input file results/PXD040438.sdrf_openms_design_msstats_in.csv...
[2025-10-17 02:54:04,303] multiqc.modules.custom_content.custom_content      [INFO   ]  bigbio-quantms-summary: Found 1 sample (html)
[2025-10-17 02:54:04,303] multiqc.modules.custom_content.custom_content      [INFO   ]  bigbio-quantms-methods-description: Found 1 sample (html)
[2025-10-17 02:54:04,311] multiqc.core.write_results                         [INFO   ]  Rendering plots. Export plots to formats png, svg, pdf is requested, so it might take a while. To disable plot export, set `export_plots: false` in config, or remove the `--export-plots` command line flag
