INFO  [2025-10-17 02:52:40] ** Raw data from OpenMS imported successfully.
INFO  [2025-10-17 02:52:40] ** Raw data from OpenMS cleaned successfully.
INFO  [2025-10-17 02:52:40] ** Using annotation extracted from quantification data.
INFO  [2025-10-17 02:52:40] ** Run labels were standardized to remove symbols such as '.' or '%'.
INFO  [2025-10-17 02:52:40] ** The following options are used:
  - Features will be defined by the columns: PeptideSequence, PrecursorCharge, FragmentIon, ProductCharge
  - Shared peptides will be removed.
  - Proteins with a single feature will be removed.
  - Features with less than 3 measurements across runs will be removed.
INFO  [2025-10-17 02:52:40] ** Features with all missing measurements across runs are removed.
INFO  [2025-10-17 02:52:40] ** Shared peptides are removed.
INFO  [2025-10-17 02:52:40] ** Multiple measurements in a feature and a run are summarized by summaryforMultipleRows: max
INFO  [2025-10-17 02:52:40] ** Features with one or two measurements across runs are removed.
INFO  [2025-10-17 02:52:40] Proteins with a single feature are removed.
INFO  [2025-10-17 02:52:40] ** Run annotation merged with quantification data.
INFO  [2025-10-17 02:52:40] ** Features with one or two measurements across runs are removed.
INFO  [2025-10-17 02:52:40] ** Fractionation handled.
INFO  [2025-10-17 02:52:40] ** Updated quantification data to make balanced design. Missing values are marked by NA
INFO  [2025-10-17 02:52:40] 

INFO  [2025-10-17 02:52:40] ** Finished preprocessing. The dataset is ready to be processed by the dataProcess function.
INFO  [2025-10-17 02:52:40] 

