[2025-06-27 07:43:02,135] multiqc.config                                     [INFO   ]  Loading config settings from: results/multiqc_config.yml
[2025-06-27 07:43:02,137] pmultiqc                                           [WARNING]  Running pmultiqc Plugin v0.0.28
[2025-06-27 07:43:02,935] multiqc.core.version_check                         [WARNING]  MultiQC Version v1.29 now available!
[2025-06-27 07:43:02,938] multiqc.core.file_search                           [INFO   ]  Search path: /workspace/work/83/93a0f0571c373d28742999f8601cf9/results
[2025-06-27 07:43:08,660] pmultiqc.modules.quantms.quantms                   [INFO   ]  pyopenms has: 128 threads.
[2025-06-27 07:43:08,733] pmultiqc.modules.quantms.quantms                   [INFO   ]  07:43:08: Parsing mzTab file results/sdrf_openms_design_openms.mzTab...
[2025-06-27 07:43:09,680] pmultiqc.modules.quantms.quantms                   [INFO   ]  07:43:09: Done parsing mzTab file results/sdrf_openms_design_openms.mzTab.
[2025-06-27 07:43:09,681] pmultiqc.modules.quantms.quantms                   [INFO   ]  07:43:09: Aggregating mzTab file results/sdrf_openms_design_openms.mzTab...
[2025-06-27 07:43:09,956] pmultiqc.modules.quantms.quantms                   [INFO   ]  07:43:09: No decoy peptides found -> only showing target peptides.
[2025-06-27 07:43:10,025] pmultiqc.modules.common.ms_io                      [INFO   ]  07:43:10: Parsing ms_statistics dataframe results/e0590_01_LysConly_ms_info.parquet...
[2025-06-27 07:43:14,769] pmultiqc.modules.common.ms_io                      [INFO   ]  07:43:14: Done aggregating ms_statistics dataframe results/e0590_01_LysConly_ms_info.parquet...
[2025-06-27 07:43:14,792] pmultiqc.modules.quantms.quantms                   [INFO   ]  07:43:14: Calculating Heatmap Scores...
[2025-06-27 07:43:15,966] pmultiqc.modules.quantms.quantms                   [INFO   ]  07:43:15: Done calculating Heatmap Scores.
[2025-06-27 07:43:16,039] pmultiqc.modules.quantms.quantms                   [INFO   ]  07:43:16: Parsing MSstats input file results/sdrf_openms_design_msstats_in.csv...
[2025-06-27 07:43:24,302] multiqc.modules.custom_content.custom_content      [INFO   ]  bigbio-quantms-methods-description: Found 1 sample (html)
[2025-06-27 07:43:24,302] multiqc.modules.custom_content.custom_content      [INFO   ]  bigbio-quantms-summary: Found 1 sample (html)
[2025-06-27 07:43:24,308] multiqc.core.write_results                         [INFO   ]  Rendering plots. Export plots to formats png, svg, pdf is requested, so it might take a while. To disable plot export, set `export_plots: false` in config, or remove the `--export-plots` command line flag
[2025-06-27 07:43:24,382] multiqc.plots.plotly.plot                          [WARNING]  Failure adding logo to the plot: cannot identify image file <_io.BytesIO object at 0x70414d46be20>
[2025-06-27 07:43:24,383] multiqc.plots.plotly.plot                          [WARNING]  Failure adding logo to the plot: cannot identify image file <_io.BytesIO object at 0x70414d46be20>
[2025-06-27 07:43:24,392] multiqc.plots.plotly.plot                          [WARNING]  Failure adding logo to the plot: cannot identify image file <_io.BytesIO object at 0x7041658c3e20>
[2025-06-27 07:43:24,392] multiqc.plots.plotly.plot                          [WARNING]  Failure adding logo to the plot: cannot identify image file <_io.BytesIO object at 0x7041658c3e20>
[2025-06-27 07:43:24,400] multiqc.plots.plotly.plot                          [WARNING]  Failure adding logo to the plot: cannot identify image file <_io.BytesIO object at 0x7041677db650>
[2025-06-27 07:43:24,401] multiqc.plots.plotly.plot                          [WARNING]  Failure adding logo to the plot: cannot identify image file <_io.BytesIO object at 0x7041677db650>
[2025-06-27 07:43:24,428] multiqc.plots.plotly.plot                          [WARNING]  Failure adding logo to the plot: cannot identify image file <_io.BytesIO object at 0x70414c2b41d0>
[2025-06-27 07:43:24,429] multiqc.plots.plotly.plot                          [WARNING]  Failure adding logo to the plot: cannot identify image file <_io.BytesIO object at 0x70414c2b41d0>
[2025-06-27 07:43:24,444] multiqc.plots.plotly.plot                          [WARNING]  Failure adding logo to the plot: cannot identify image file <_io.BytesIO object at 0x70414c75fb50>
[2025-06-27 07:43:24,445] multiqc.plots.plotly.plot                          [WARNING]  Failure adding logo to the plot: cannot identify image file <_io.BytesIO object at 0x70414c75fb50>
[2025-06-27 07:43:24,464] multiqc.plots.plotly.plot                          [WARNING]  Failure adding logo to the plot: cannot identify image file <_io.BytesIO object at 0x70414c75fa10>
[2025-06-27 07:43:24,464] multiqc.plots.plotly.plot                          [WARNING]  Failure adding logo to the plot: cannot identify image file <_io.BytesIO object at 0x70414c75fa10>
[2025-06-27 07:43:24,482] multiqc.plots.plotly.plot                          [WARNING]  Failure adding logo to the plot: cannot identify image file <_io.BytesIO object at 0x70414c2c3010>
[2025-06-27 07:43:24,482] multiqc.plots.plotly.plot                          [WARNING]  Failure adding logo to the plot: cannot identify image file <_io.BytesIO object at 0x70414c2c3010>
[2025-06-27 07:43:24,487] multiqc.plots.plotly.plot                          [WARNING]  Failure adding logo to the plot: cannot identify image file <_io.BytesIO object at 0x70414c2c2a70>
[2025-06-27 07:43:24,487] multiqc.plots.plotly.plot                          [WARNING]  Failure adding logo to the plot: cannot identify image file <_io.BytesIO object at 0x70414c2c2a70>
[2025-06-27 07:43:24,494] multiqc.plots.plotly.plot                          [WARNING]  Failure adding logo to the plot: cannot identify image file <_io.BytesIO object at 0x70414c2c3d80>
[2025-06-27 07:43:24,494] multiqc.plots.plotly.plot                          [WARNING]  Failure adding logo to the plot: cannot identify image file <_io.BytesIO object at 0x70414c2c3d80>
[2025-06-27 07:43:24,500] multiqc.plots.plotly.plot                          [WARNING]  Failure adding logo to the plot: cannot identify image file <_io.BytesIO object at 0x70414c2c3240>
[2025-06-27 07:43:24,500] multiqc.plots.plotly.plot                          [WARNING]  Failure adding logo to the plot: cannot identify image file <_io.BytesIO object at 0x70414c2c3240>
[2025-06-27 07:43:24,509] multiqc.plots.plotly.plot                          [WARNING]  Failure adding logo to the plot: cannot identify image file <_io.BytesIO object at 0x70414c581da0>
[2025-06-27 07:43:24,509] multiqc.plots.plotly.plot                          [WARNING]  Failure adding logo to the plot: cannot identify image file <_io.BytesIO object at 0x70414c581da0>
[2025-06-27 07:43:24,517] multiqc.plots.plotly.plot                          [WARNING]  Failure adding logo to the plot: cannot identify image file <_io.BytesIO object at 0x70414c75c130>
[2025-06-27 07:43:24,518] multiqc.plots.plotly.plot                          [WARNING]  Failure adding logo to the plot: cannot identify image file <_io.BytesIO object at 0x70414c75c130>
[2025-06-27 07:43:24,523] multiqc.plots.plotly.plot                          [WARNING]  Failure adding logo to the plot: cannot identify image file <_io.BytesIO object at 0x70414c2c3dd0>
[2025-06-27 07:43:24,523] multiqc.plots.plotly.plot                          [WARNING]  Failure adding logo to the plot: cannot identify image file <_io.BytesIO object at 0x70414c2c3dd0>
[2025-06-27 07:43:24,529] multiqc.plots.plotly.plot                          [WARNING]  Failure adding logo to the plot: cannot identify image file <_io.BytesIO object at 0x70414c2c3060>
[2025-06-27 07:43:24,529] multiqc.plots.plotly.plot                          [WARNING]  Failure adding logo to the plot: cannot identify image file <_io.BytesIO object at 0x70414c2c3060>
[2025-06-27 07:43:24,535] multiqc.plots.plotly.plot                          [WARNING]  Failure adding logo to the plot: cannot identify image file <_io.BytesIO object at 0x70414c2c3420>
[2025-06-27 07:43:24,535] multiqc.plots.plotly.plot                          [WARNING]  Failure adding logo to the plot: cannot identify image file <_io.BytesIO object at 0x70414c2c3420>
[2025-06-27 07:43:24,541] multiqc.plots.plotly.plot                          [WARNING]  Failure adding logo to the plot: cannot identify image file <_io.BytesIO object at 0x70414c2c2bb0>
[2025-06-27 07:43:24,541] multiqc.plots.plotly.plot                          [WARNING]  Failure adding logo to the plot: cannot identify image file <_io.BytesIO object at 0x70414c2c2bb0>
[2025-06-27 07:43:24,550] multiqc.plots.plotly.plot                          [WARNING]  Failure adding logo to the plot: cannot identify image file <_io.BytesIO object at 0x70414c2c2520>
[2025-06-27 07:43:24,550] multiqc.plots.plotly.plot                          [WARNING]  Failure adding logo to the plot: cannot identify image file <_io.BytesIO object at 0x70414c2c2520>
[2025-06-27 07:43:24,558] multiqc.plots.plotly.plot                          [WARNING]  Failure adding logo to the plot: cannot identify image file <_io.BytesIO object at 0x70414c2c3240>
[2025-06-27 07:43:24,558] multiqc.plots.plotly.plot                          [WARNING]  Failure adding logo to the plot: cannot identify image file <_io.BytesIO object at 0x70414c2c3240>
